

Processing HomeController#index (for 127.0.0.1 at 2010-03-30 23:46:07) [GET]
Rendering template within layouts/application
Rendering home/index
Rendered shared/_header (26.3ms)
Rendered shared/_footer (13.5ms)
Completed in 222ms (View: 220, DB: 0) | 200 OK [http://localhost/]


Processing ApplicationController#index (for 127.0.0.1 at 2010-03-30 23:46:07) [GET]

ActionController::RoutingError (No route matches "/images/mbrds.jpg" with {:method=>:get}):
  

Rendering rescues/layout (not_found)


Processing HomeController#index (for 127.0.0.1 at 2010-03-30 23:46:33) [GET]
Rendering template within layouts/application
Rendering home/index
Rendered shared/_header (3.0ms)
Rendered shared/_footer (0.7ms)
Completed in 103ms (View: 101, DB: 0) | 200 OK [http://localhost/]


Processing HomeController#index (for 127.0.0.1 at 2010-04-04 14:31:46) [GET]
Rendering template within layouts/application
Rendering home/index
Rendered shared/_header (46.3ms)
Rendered shared/_footer (23.1ms)
Completed in 790ms (View: 787, DB: 0) | 200 OK [http://localhost/]


Processing HomeController#index (for 127.0.0.1 at 2010-04-04 14:33:08) [GET]
Rendering template within layouts/application
Rendering home/index
Rendered shared/_header (1.1ms)
Rendered shared/_footer (0.1ms)
Completed in 5ms (View: 3, DB: 0) | 200 OK [http://localhost/]


Processing HomeController#index (for 127.0.0.1 at 2010-04-04 14:33:12) [GET]
Rendering template within layouts/application
Rendering home/index
Rendered shared/_header (1.2ms)
Rendered shared/_footer (0.1ms)
Completed in 8ms (View: 6, DB: 0) | 200 OK [http://localhost/]


Processing HomeController#index (for 127.0.0.1 at 2010-04-04 14:33:22) [GET]
Rendering template within layouts/application
Rendering home/index
Rendered shared/_header (1.2ms)
Rendered shared/_footer (0.2ms)
Completed in 8ms (View: 6, DB: 0) | 200 OK [http://localhost/]


Processing HomeController#index (for 127.0.0.1 at 2010-04-04 14:33:23) [GET]
Rendering template within layouts/application
Rendering home/index
Rendered shared/_header (6.2ms)
Rendered shared/_footer (0.1ms)
Completed in 13ms (View: 11, DB: 0) | 200 OK [http://localhost/]


Processing HomeController#index (for 127.0.0.1 at 2010-04-04 14:33:27) [GET]
Rendering template within layouts/application
Rendering home/index
Rendered shared/_header (1.2ms)
Rendered shared/_footer (0.1ms)
Completed in 6ms (View: 4, DB: 0) | 200 OK [http://localhost/]


Processing HomeController#index (for 127.0.0.1 at 2010-04-04 14:33:53) [GET]
Rendering template within layouts/application
Rendering home/index
Rendered shared/_header (1.3ms)
Rendered shared/_footer (0.1ms)
Completed in 9ms (View: 7, DB: 0) | 200 OK [http://localhost/]


Processing HomeController#index (for 127.0.0.1 at 2010-04-04 14:33:56) [GET]
Rendering template within layouts/application
Rendering home/index
Rendered shared/_header (1.2ms)
Rendered shared/_footer (0.1ms)
Completed in 5ms (View: 3, DB: 0) | 200 OK [http://localhost/]


Processing HomeController#index (for 127.0.0.1 at 2010-04-04 14:33:59) [GET]
Rendering template within layouts/application
Rendering home/index
Rendered shared/_header (10.8ms)
Rendered shared/_footer (0.1ms)
Completed in 18ms (View: 16, DB: 0) | 200 OK [http://localhost/home]


Processing ApplicationController#index (for 127.0.0.1 at 2010-04-04 14:34:06) [GET]

ActionController::RoutingError (No route matches "/aboutus" with {:method=>:get}):
  

Rendering rescues/layout (not_found)
